c:\users\80596\source\repos\grammaanalysis\grammaanalysis\demo.tab.cpp
c:\users\80596\source\repos\grammaanalysis\grammaanalysis\demo.flex.cpp
c:\users\80596\source\repos\grammaanalysis\grammaanalysis\debug\vc142.pdb
c:\users\80596\source\repos\grammaanalysis\grammaanalysis\debug\vc142.idb
c:\users\80596\source\repos\grammaanalysis\grammaanalysis\debug\demo.tab.obj
c:\users\80596\source\repos\grammaanalysis\grammaanalysis\debug\demo.flex.obj
c:\users\80596\source\repos\grammaanalysis\debug\grammaanalysis.ilk
c:\users\80596\source\repos\grammaanalysis\debug\grammaanalysis.exe
c:\users\80596\source\repos\grammaanalysis\debug\grammaanalysis.pdb
c:\users\80596\documents\github\exercise\bupt\compiler-principle-and-technology\grammaanalysis\grammaanalysis\debug\demo.flex.obj
c:\users\80596\documents\github\exercise\bupt\compiler-principle-and-technology\grammaanalysis\grammaanalysis\debug\demo.tab.obj
c:\users\80596\documents\github\exercise\bupt\compiler-principle-and-technology\grammaanalysis\grammaanalysis\debug\grammaanalysis.write.1.tlog
c:\users\80596\documents\github\exercise\bupt\compiler-principle-and-technology\grammaanalysis\grammaanalysis\debug\vc142.idb
c:\users\80596\documents\github\exercise\bupt\compiler-principle-and-technology\grammaanalysis\grammaanalysis\debug\vc142.pdb
c:\users\80596\documents\github\exercise\bupt\compiler-principle-and-technology\grammaanalysis\debug\grammaanalysis.pdb
c:\users\80596\documents\github\exercise\bupt\compiler-principle-and-technology\grammaanalysis\debug\grammaanalysis.exe
c:\users\80596\documents\github\exercise\bupt\compiler-principle-and-technology\grammaanalysis\debug\grammaanalysis.ilk
c:\users\80596\documents\github\exercise\bupt\compiler-principle-and-technology\grammaanalysis\grammaanalysis\debug\grammaanalysis.tlog\cl.command.1.tlog
c:\users\80596\documents\github\exercise\bupt\compiler-principle-and-technology\grammaanalysis\grammaanalysis\debug\grammaanalysis.tlog\cl.read.1.tlog
c:\users\80596\documents\github\exercise\bupt\compiler-principle-and-technology\grammaanalysis\grammaanalysis\debug\grammaanalysis.tlog\cl.write.1.tlog
c:\users\80596\documents\github\exercise\bupt\compiler-principle-and-technology\grammaanalysis\grammaanalysis\debug\grammaanalysis.tlog\link.command.1.tlog
c:\users\80596\documents\github\exercise\bupt\compiler-principle-and-technology\grammaanalysis\grammaanalysis\debug\grammaanalysis.tlog\link.read.1.tlog
c:\users\80596\documents\github\exercise\bupt\compiler-principle-and-technology\grammaanalysis\grammaanalysis\debug\grammaanalysis.tlog\link.write.1.tlog
